Build started 22.03.2016 15:13:20.
     1>Project "C:\Users\Lev\Dropbox\Study_Materials_4\compgraph\OpenGl8\OpenGL\OpenGL\OpenGL.vcxproj" on node 2 (Build target(s)).
     1>ClCompile:
         C:\Program Files (x86)\Microsoft Visual Studio 12.0\VC\bin\CL.exe /c /ZI /nologo /W3 /WX- /sdl /Od /Oy- /D _CRT_SECURE_NO_WARNINGS /D _MBCS /D _MBCS /Gm /EHsc /RTC1 /MDd /GS /fp:precise /Zc:wchar_t /Zc:forScope /Fo"Debug\\" /Fd"Debug\vc120.pdb" /Gd /TP /analyze- /errorReport:prompt main.cpp
         main.cpp
       Link:
         C:\Program Files (x86)\Microsoft Visual Studio 12.0\VC\bin\link.exe /ERRORREPORT:PROMPT /OUT:"C:\Users\Lev\Dropbox\Study_Materials_4\compgraph\OpenGl8\OpenGL\Debug\OpenGL.exe" /INCREMENTAL /NOLOGO OpenGL32.lib kernel32.lib user32.lib gdi32.lib winspool.lib comdlg32.lib advapi32.lib shell32.lib ole32.lib oleaut32.lib uuid.lib odbc32.lib odbccp32.lib kernel32.lib user32.lib gdi32.lib winspool.lib comdlg32.lib advapi32.lib shell32.lib ole32.lib oleaut32.lib uuid.lib odbc32.lib odbccp32.lib /MANIFEST /MANIFESTUAC:"level='asInvoker' uiAccess='false'" /manifest:embed /DEBUG /PDB:"C:\Users\Lev\Dropbox\Study_Materials_4\compgraph\OpenGl8\OpenGL\Debug\OpenGL.pdb" /TLBID:1 /DYNAMICBASE /NXCOMPAT /IMPLIB:"C:\Users\Lev\Dropbox\Study_Materials_4\compgraph\OpenGl8\OpenGL\Debug\OpenGL.lib" /MACHINE:X86 Debug\Camera.obj
         Debug\common.obj
         Debug\GLWindow.obj
         Debug\Light.obj
         Debug\Logger.obj
         Debug\main.obj
         Debug\Material.obj
         Debug\Mesh.obj
         Debug\OpenGL.obj
         Debug\Shader.obj
         Debug\Texture.obj
         OpenGL.vcxproj -> C:\Users\Lev\Dropbox\Study_Materials_4\compgraph\OpenGl8\OpenGL\Debug\OpenGL.exe
     1>Done Building Project "C:\Users\Lev\Dropbox\Study_Materials_4\compgraph\OpenGl8\OpenGL\OpenGL\OpenGL.vcxproj" (Build target(s)).

Build succeeded.

Time Elapsed 00:00:03.31
