c:\users\lev\dropbox\study_materials_4\compgraph\opengl1\opengl\opengl\debug\vc120.pdb
c:\users\lev\dropbox\study_materials_4\compgraph\opengl1\opengl\opengl\debug\vc120.idb
c:\users\lev\dropbox\study_materials_4\compgraph\opengl1\opengl\opengl\debug\openglcontrol.obj
c:\users\lev\dropbox\study_materials_4\compgraph\opengl1\opengl\opengl\debug\renderscene.obj
c:\users\lev\dropbox\study_materials_4\compgraph\opengl1\opengl\opengl\debug\shaders.obj
c:\users\lev\dropbox\study_materials_4\compgraph\opengl1\opengl\opengl\debug\win_openglapp.obj
c:\users\lev\dropbox\study_materials_4\compgraph\opengl2\opengl\opengl\debug\vc120.pdb
c:\users\lev\dropbox\study_materials_4\compgraph\opengl2\opengl\opengl\debug\vc120.idb
c:\users\lev\dropbox\study_materials_4\compgraph\opengl2\opengl\opengl\debug\vertexbufferobject.obj
c:\users\lev\dropbox\study_materials_4\compgraph\opengl2\opengl\opengl\debug\win_openglapp.obj
c:\users\lev\dropbox\study_materials_4\compgraph\opengl2\opengl\opengl\debug\openglcontrol.obj
c:\users\lev\dropbox\study_materials_4\compgraph\opengl2\opengl\opengl\debug\shaders.obj
c:\users\lev\dropbox\study_materials_4\compgraph\opengl2\opengl\opengl\debug\static_geometry.obj
c:\users\lev\dropbox\study_materials_4\compgraph\opengl2\opengl\opengl\debug\texture.obj
c:\users\lev\dropbox\study_materials_4\compgraph\opengl2\opengl\opengl\debug\renderscene.obj
c:\users\lev\dropbox\study_materials_4\compgraph\opengl3\opengl\opengl\debug\vc120.pdb
c:\users\lev\dropbox\study_materials_4\compgraph\opengl3\opengl\opengl\debug\vc120.idb
c:\users\lev\dropbox\study_materials_4\compgraph\opengl3\opengl\opengl\debug\dirlight.obj
c:\users\lev\dropbox\study_materials_4\compgraph\opengl3\opengl\opengl\debug\flyingcamera.obj
c:\users\lev\dropbox\study_materials_4\compgraph\opengl3\opengl\opengl\debug\openglcontrol.obj
c:\users\lev\dropbox\study_materials_4\compgraph\opengl3\opengl\opengl\debug\pointlight.obj
c:\users\lev\dropbox\study_materials_4\compgraph\opengl3\opengl\opengl\debug\renderscene.obj
c:\users\lev\dropbox\study_materials_4\compgraph\opengl3\opengl\opengl\debug\shaders.obj
c:\users\lev\dropbox\study_materials_4\compgraph\opengl3\opengl\opengl\debug\spotlight.obj
c:\users\lev\dropbox\study_materials_4\compgraph\opengl3\opengl\opengl\debug\static_geometry.obj
c:\users\lev\dropbox\study_materials_4\compgraph\opengl3\opengl\opengl\debug\texture.obj
c:\users\lev\dropbox\study_materials_4\compgraph\opengl3\opengl\opengl\debug\vertexbufferobject.obj
c:\users\lev\dropbox\study_materials_4\compgraph\opengl3\opengl\opengl\debug\win_openglapp.obj
c:\users\lev\dropbox\study_materials_4\compgraph\opengl4\opengl\opengl\debug\vc120.pdb
c:\users\lev\dropbox\study_materials_4\compgraph\opengl4\opengl\opengl\debug\vc120.idb
c:\users\lev\dropbox\study_materials_4\compgraph\opengl4\opengl\opengl\debug\dirlight.obj
c:\users\lev\dropbox\study_materials_4\compgraph\opengl4\opengl\opengl\debug\flyingcamera.obj
c:\users\lev\dropbox\study_materials_4\compgraph\opengl4\opengl\opengl\debug\openglcontrol.obj
c:\users\lev\dropbox\study_materials_4\compgraph\opengl4\opengl\opengl\debug\pointlight.obj
c:\users\lev\dropbox\study_materials_4\compgraph\opengl4\opengl\opengl\debug\renderscene.obj
c:\users\lev\dropbox\study_materials_4\compgraph\opengl4\opengl\opengl\debug\shaders.obj
c:\users\lev\dropbox\study_materials_4\compgraph\opengl4\opengl\opengl\debug\skybox.obj
c:\users\lev\dropbox\study_materials_4\compgraph\opengl4\opengl\opengl\debug\spotlight.obj
c:\users\lev\dropbox\study_materials_4\compgraph\opengl4\opengl\opengl\debug\static_geometry.obj
c:\users\lev\dropbox\study_materials_4\compgraph\opengl4\opengl\opengl\debug\texture.obj
c:\users\lev\dropbox\study_materials_4\compgraph\opengl4\opengl\opengl\debug\vertexbufferobject.obj
c:\users\lev\dropbox\study_materials_4\compgraph\opengl4\opengl\opengl\debug\win_openglapp.obj
c:\users\lev\dropbox\study_materials_4\compgraph\opengl4\opengl\opengl\debug\objmodel.obj
c:\users\lev\dropbox\study_materials_4\compgraph\opengl5\opengl\opengl\debug\vc120.pdb
c:\users\lev\dropbox\study_materials_4\compgraph\opengl5\opengl\opengl\debug\vc120.idb
c:\users\lev\dropbox\study_materials_4\compgraph\opengl5\opengl\opengl\debug\dirlight.obj
c:\users\lev\dropbox\study_materials_4\compgraph\opengl5\opengl\opengl\debug\flyingcamera.obj
c:\users\lev\dropbox\study_materials_4\compgraph\opengl5\opengl\opengl\debug\objmodel.obj
c:\users\lev\dropbox\study_materials_4\compgraph\opengl5\opengl\opengl\debug\openglcontrol.obj
c:\users\lev\dropbox\study_materials_4\compgraph\opengl5\opengl\opengl\debug\pointlight.obj
c:\users\lev\dropbox\study_materials_4\compgraph\opengl5\opengl\opengl\debug\renderscene.obj
c:\users\lev\dropbox\study_materials_4\compgraph\opengl5\opengl\opengl\debug\shaders.obj
c:\users\lev\dropbox\study_materials_4\compgraph\opengl5\opengl\opengl\debug\skybox.obj
c:\users\lev\dropbox\study_materials_4\compgraph\opengl5\opengl\opengl\debug\spotlight.obj
c:\users\lev\dropbox\study_materials_4\compgraph\opengl5\opengl\opengl\debug\static_geometry.obj
c:\users\lev\dropbox\study_materials_4\compgraph\opengl5\opengl\opengl\debug\texture.obj
c:\users\lev\dropbox\study_materials_4\compgraph\opengl5\opengl\opengl\debug\vertexbufferobject.obj
c:\users\lev\dropbox\study_materials_4\compgraph\opengl5\opengl\opengl\debug\win_openglapp.obj
c:\users\lev\dropbox\study_materials_4\compgraph\opengl6\opengl\opengl\debug\vc120.pdb
c:\users\lev\dropbox\study_materials_4\compgraph\opengl6\opengl\opengl\debug\vc120.idb
c:\users\lev\dropbox\study_materials_4\compgraph\opengl6\opengl\opengl\debug\dirlight.obj
c:\users\lev\dropbox\study_materials_4\compgraph\opengl6\opengl\opengl\debug\flyingcamera.obj
c:\users\lev\dropbox\study_materials_4\compgraph\opengl6\opengl\opengl\debug\framebuffer.obj
c:\users\lev\dropbox\study_materials_4\compgraph\opengl6\opengl\opengl\debug\objmodel.obj
c:\users\lev\dropbox\study_materials_4\compgraph\opengl6\opengl\opengl\debug\openglcontrol.obj
c:\users\lev\dropbox\study_materials_4\compgraph\opengl6\opengl\opengl\debug\pointlight.obj
c:\users\lev\dropbox\study_materials_4\compgraph\opengl6\opengl\opengl\debug\renderscene.obj
c:\users\lev\dropbox\study_materials_4\compgraph\opengl6\opengl\opengl\debug\shaders.obj
c:\users\lev\dropbox\study_materials_4\compgraph\opengl6\opengl\opengl\debug\skybox.obj
c:\users\lev\dropbox\study_materials_4\compgraph\opengl6\opengl\opengl\debug\spotlight.obj
c:\users\lev\dropbox\study_materials_4\compgraph\opengl6\opengl\opengl\debug\static_geometry.obj
c:\users\lev\dropbox\study_materials_4\compgraph\opengl6\opengl\opengl\debug\texture.obj
c:\users\lev\dropbox\study_materials_4\compgraph\opengl6\opengl\opengl\debug\vertexbufferobject.obj
c:\users\lev\dropbox\study_materials_4\compgraph\opengl6\opengl\opengl\debug\win_openglapp.obj
c:\users\lev\dropbox\study_materials_4\compgraph\opengl7\opengl\opengl\debug\vc120.pdb
c:\users\lev\dropbox\study_materials_4\compgraph\opengl7\opengl\opengl\debug\vc120.idb
c:\users\lev\dropbox\study_materials_4\compgraph\opengl7\opengl\opengl\debug\assimp_model.obj
c:\users\lev\dropbox\study_materials_4\compgraph\opengl7\opengl\opengl\debug\dirlight.obj
c:\users\lev\dropbox\study_materials_4\compgraph\opengl7\opengl\opengl\debug\flyingcamera.obj
c:\users\lev\dropbox\study_materials_4\compgraph\opengl7\opengl\opengl\debug\heightmap.obj
c:\users\lev\dropbox\study_materials_4\compgraph\opengl7\opengl\opengl\debug\material.obj
c:\users\lev\dropbox\study_materials_4\compgraph\opengl7\opengl\opengl\debug\openglcontrol.obj
c:\users\lev\dropbox\study_materials_4\compgraph\opengl7\opengl\opengl\debug\shaders.obj
c:\users\lev\dropbox\study_materials_4\compgraph\opengl7\opengl\opengl\debug\skybox.obj
c:\users\lev\dropbox\study_materials_4\compgraph\opengl7\opengl\opengl\debug\static_geometry.obj
c:\users\lev\dropbox\study_materials_4\compgraph\opengl7\opengl\opengl\debug\texture.obj
c:\users\lev\dropbox\study_materials_4\compgraph\opengl7\opengl\opengl\debug\vertexbufferobject.obj
c:\users\lev\dropbox\study_materials_4\compgraph\opengl7\opengl\opengl\debug\win_openglapp.obj
c:\users\lev\dropbox\study_materials_4\compgraph\opengl7\opengl\opengl\debug\freetypefont.obj
c:\users\lev\dropbox\study_materials_4\compgraph\opengl7\opengl\opengl\debug\renderscene.obj
c:\users\lev\dropbox\study_materials_4\compgraph\opengl7\opengl\opengl\debug\particle_system_tf.obj
c:\users\lev\dropbox\study_materials_4\compgraph\opengl8\opengl\opengl\debug\vc120.pdb
c:\users\lev\dropbox\study_materials_4\compgraph\opengl8\opengl\opengl\debug\vc120.idb
c:\users\lev\dropbox\study_materials_4\compgraph\opengl8\opengl\opengl\debug\camera.obj
c:\users\lev\dropbox\study_materials_4\compgraph\opengl8\opengl\opengl\debug\glwindow.obj
c:\users\lev\dropbox\study_materials_4\compgraph\opengl8\opengl\opengl\debug\light.obj
c:\users\lev\dropbox\study_materials_4\compgraph\opengl8\opengl\opengl\debug\main.obj
c:\users\lev\dropbox\study_materials_4\compgraph\opengl8\opengl\opengl\debug\material.obj
c:\users\lev\dropbox\study_materials_4\compgraph\opengl8\opengl\opengl\debug\mesh.obj
c:\users\lev\dropbox\study_materials_4\compgraph\opengl8\opengl\opengl\debug\opengl.obj
c:\users\lev\dropbox\study_materials_4\compgraph\opengl8\opengl\opengl\debug\shader.obj
c:\users\lev\dropbox\study_materials_4\compgraph\opengl8\opengl\opengl\debug\texture.obj
c:\users\lev\dropbox\study_materials_4\compgraph\opengl8\opengl\opengl\debug\common.obj
c:\users\lev\dropbox\study_materials_4\compgraph\opengl8\opengl\opengl\debug\logger.obj
c:\users\lev\dropbox\study_materials_4\compgraph\opengl9\opengl\opengl\debug\vc120.pdb
c:\users\lev\dropbox\study_materials_4\compgraph\opengl9\opengl\opengl\debug\vc120.idb
c:\users\lev\dropbox\study_materials_4\compgraph\opengl9\opengl\opengl\debug\camera.obj
c:\users\lev\dropbox\study_materials_4\compgraph\opengl9\opengl\opengl\debug\common.obj
c:\users\lev\dropbox\study_materials_4\compgraph\opengl9\opengl\opengl\debug\glwindow.obj
c:\users\lev\dropbox\study_materials_4\compgraph\opengl9\opengl\opengl\debug\light.obj
c:\users\lev\dropbox\study_materials_4\compgraph\opengl9\opengl\opengl\debug\logger.obj
c:\users\lev\dropbox\study_materials_4\compgraph\opengl9\opengl\opengl\debug\main.obj
c:\users\lev\dropbox\study_materials_4\compgraph\opengl9\opengl\opengl\debug\material.obj
c:\users\lev\dropbox\study_materials_4\compgraph\opengl9\opengl\opengl\debug\mesh.obj
c:\users\lev\dropbox\study_materials_4\compgraph\opengl9\opengl\opengl\debug\opengl.obj
c:\users\lev\dropbox\study_materials_4\compgraph\opengl9\opengl\opengl\debug\shader.obj
c:\users\lev\dropbox\study_materials_4\compgraph\opengl9\opengl\opengl\debug\texture.obj
c:\users\lev\dropbox\study_materials_4\compgraph\opengl1\opengl\debug\opengl.ilk
c:\users\lev\dropbox\study_materials_4\compgraph\opengl1\opengl\debug\opengl.exe
c:\users\lev\dropbox\study_materials_4\compgraph\opengl1\opengl\debug\opengl.pdb
c:\users\lev\dropbox\study_materials_4\compgraph\opengl2\opengl\debug\opengl.ilk
c:\users\lev\dropbox\study_materials_4\compgraph\opengl2\opengl\debug\opengl.exe
c:\users\lev\dropbox\study_materials_4\compgraph\opengl2\opengl\debug\opengl.pdb
c:\users\lev\dropbox\study_materials_4\compgraph\opengl3\opengl\debug\opengl.ilk
c:\users\lev\dropbox\study_materials_4\compgraph\opengl3\opengl\debug\opengl.exe
c:\users\lev\dropbox\study_materials_4\compgraph\opengl3\opengl\debug\opengl.pdb
c:\users\lev\dropbox\study_materials_4\compgraph\opengl4\opengl\debug\opengl.ilk
c:\users\lev\dropbox\study_materials_4\compgraph\opengl4\opengl\debug\opengl.exe
c:\users\lev\dropbox\study_materials_4\compgraph\opengl4\opengl\debug\opengl.pdb
c:\users\lev\dropbox\study_materials_4\compgraph\opengl5\opengl\debug\opengl.ilk
c:\users\lev\dropbox\study_materials_4\compgraph\opengl5\opengl\debug\opengl.exe
c:\users\lev\dropbox\study_materials_4\compgraph\opengl5\opengl\debug\opengl.pdb
c:\users\lev\dropbox\study_materials_4\compgraph\opengl6\opengl\debug\opengl.ilk
c:\users\lev\dropbox\study_materials_4\compgraph\opengl6\opengl\debug\opengl.exe
c:\users\lev\dropbox\study_materials_4\compgraph\opengl6\opengl\debug\opengl.pdb
c:\users\lev\dropbox\study_materials_4\compgraph\opengl7\opengl\debug\opengl.ilk
c:\users\lev\dropbox\study_materials_4\compgraph\opengl7\opengl\debug\opengl.exe
c:\users\lev\dropbox\study_materials_4\compgraph\opengl7\opengl\debug\opengl.pdb
c:\users\lev\dropbox\study_materials_4\compgraph\opengl8\opengl\debug\opengl.ilk
c:\users\lev\dropbox\study_materials_4\compgraph\opengl8\opengl\debug\opengl.exe
c:\users\lev\dropbox\study_materials_4\compgraph\opengl8\opengl\debug\opengl.pdb
c:\users\lev\dropbox\study_materials_4\compgraph\opengl9\opengl\debug\opengl.ilk
c:\users\lev\dropbox\study_materials_4\compgraph\opengl9\opengl\debug\opengl.exe
c:\users\lev\dropbox\study_materials_4\compgraph\opengl9\opengl\debug\opengl.pdb
c:\users\lev\dropbox\study_materials_4\compgraph\opengl9\opengl\opengl\debug\assimp_model.obj
c:\users\lev\dropbox\study_materials_4\compgraph\opengl9\opengl\opengl\debug\dirlight.obj
c:\users\lev\dropbox\study_materials_4\compgraph\opengl9\opengl\opengl\debug\flyingcamera.obj
c:\users\lev\dropbox\study_materials_4\compgraph\opengl9\opengl\opengl\debug\framebuffer.obj
c:\users\lev\dropbox\study_materials_4\compgraph\opengl9\opengl\opengl\debug\freetypefont.obj
c:\users\lev\dropbox\study_materials_4\compgraph\opengl9\opengl\opengl\debug\heightmap.obj
c:\users\lev\dropbox\study_materials_4\compgraph\opengl9\opengl\opengl\debug\objmodel.obj
c:\users\lev\dropbox\study_materials_4\compgraph\opengl9\opengl\opengl\debug\openglcontrol.obj
c:\users\lev\dropbox\study_materials_4\compgraph\opengl9\opengl\opengl\debug\particle_system_tf.obj
c:\users\lev\dropbox\study_materials_4\compgraph\opengl9\opengl\opengl\debug\pointlight.obj
c:\users\lev\dropbox\study_materials_4\compgraph\opengl9\opengl\opengl\debug\renderscene.obj
c:\users\lev\dropbox\study_materials_4\compgraph\opengl9\opengl\opengl\debug\shaders.obj
c:\users\lev\dropbox\study_materials_4\compgraph\opengl9\opengl\opengl\debug\skybox.obj
c:\users\lev\dropbox\study_materials_4\compgraph\opengl9\opengl\opengl\debug\spotlight.obj
c:\users\lev\dropbox\study_materials_4\compgraph\opengl9\opengl\opengl\debug\static_geometry.obj
c:\users\lev\dropbox\study_materials_4\compgraph\opengl9\opengl\opengl\debug\vertexbufferobject.obj
c:\users\lev\dropbox\study_materials_4\compgraph\opengl9\opengl\opengl\debug\win_openglapp.obj
c:\users\lev\dropbox\study_materials_4\compgraph\opengl9\opengl\opengl\debug\opengl.tlog\cl.command.1.tlog
c:\users\lev\dropbox\study_materials_4\compgraph\opengl9\opengl\opengl\debug\opengl.tlog\cl.read.1.tlog
c:\users\lev\dropbox\study_materials_4\compgraph\opengl9\opengl\opengl\debug\opengl.tlog\cl.write.1.tlog
c:\users\lev\dropbox\study_materials_4\compgraph\opengl9\opengl\opengl\debug\opengl.tlog\link.command.1.tlog
c:\users\lev\dropbox\study_materials_4\compgraph\opengl9\opengl\opengl\debug\opengl.tlog\link.read.1.tlog
c:\users\lev\dropbox\study_materials_4\compgraph\opengl9\opengl\opengl\debug\opengl.tlog\link.write.1.tlog
