Build started 17.02.2016 6:09:21.
     1>Project "C:\Users\Lev\Dropbox\Study_Materials_4\compgraph\OpenGl2\OpenGL\OpenGL\OpenGL.vcxproj" on node 2 (Build target(s)).
     1>ClCompile:
         C:\Program Files (x86)\Microsoft Visual Studio 12.0\VC\bin\CL.exe /c /ZI /nologo /W3 /WX- /sdl /Od /Oy- /D _MBCS /Gm /EHsc /RTC1 /MDd /GS /fp:precise /Zc:wchar_t /Zc:forScope /Fo"Debug\\" /Fd"Debug\vc120.pdb" /Gd /TP /analyze- /errorReport:prompt openGLControl.cpp renderScene.cpp shaders.cpp static_geometry.cpp texture.cpp vertexBufferObject.cpp win_OpenGLApp.cpp
         win_OpenGLApp.cpp
         vertexBufferObject.cpp
         texture.cpp
         static_geometry.cpp
         shaders.cpp
         openGLControl.cpp
         Generating Code...
         Compiling...
         renderScene.cpp
     1>c:\users\lev\dropbox\study_materials_4\compgraph\opengl2\opengl\opengl\renderscene.cpp(489): warning C4244: 'argument' : conversion from 'time_t' to 'unsigned int', possible loss of data
         Generating Code...
       Link:
         C:\Program Files (x86)\Microsoft Visual Studio 12.0\VC\bin\link.exe /ERRORREPORT:PROMPT /OUT:"C:\Users\Lev\Dropbox\Study_Materials_4\compgraph\OpenGl2\OpenGL\Debug\OpenGL.exe" /INCREMENTAL /NOLOGO kernel32.lib user32.lib gdi32.lib winspool.lib comdlg32.lib advapi32.lib shell32.lib ole32.lib oleaut32.lib uuid.lib odbc32.lib odbccp32.lib /MANIFEST /MANIFESTUAC:"level='asInvoker' uiAccess='false'" /manifest:embed /DEBUG /PDB:"C:\Users\Lev\Dropbox\Study_Materials_4\compgraph\OpenGl2\OpenGL\Debug\OpenGL.pdb" /TLBID:1 /DYNAMICBASE /NXCOMPAT /IMPLIB:"C:\Users\Lev\Dropbox\Study_Materials_4\compgraph\OpenGl2\OpenGL\Debug\OpenGL.lib" /MACHINE:X86 Debug\openGLControl.obj
         Debug\renderScene.obj
         Debug\shaders.obj
         Debug\static_geometry.obj
         Debug\texture.obj
         Debug\vertexBufferObject.obj
         Debug\win_OpenGLApp.obj
         OpenGL.vcxproj -> C:\Users\Lev\Dropbox\Study_Materials_4\compgraph\OpenGl2\OpenGL\Debug\OpenGL.exe
     1>Done Building Project "C:\Users\Lev\Dropbox\Study_Materials_4\compgraph\OpenGl2\OpenGL\OpenGL\OpenGL.vcxproj" (Build target(s)).

Build succeeded.

Time Elapsed 00:00:07.48
