Build started 26.11.2015 7:49:11.
     1>Project "C:\Users\Lev\Dropbox\Study_Materials_4\compgraph\8\Pyramid\Pyramid\Pyramid.vcxproj" on node 2 (Build target(s)).
     1>C:\Program Files (x86)\MSBuild\Microsoft.Cpp\v4.0\V120\Microsoft.CppBuild.targets(388,5): warning MSB8028: The intermediate directory (Debug\) contains files shared from another project (Pyramid.vcxproj).  This can lead to incorrect clean and rebuild behavior.
     1>ClCompile:
         C:\Program Files (x86)\Microsoft Visual Studio 12.0\VC\bin\CL.exe /c /AI"C:\Program Files (x86)\Reference Assemblies\Microsoft\Framework\.NETFramework\v4.5\\" /AI"C:\Program Files (x86)\Windows Kits\8.1\References\CommonConfiguration\Neutral" /AI"C:\Program Files (x86)\Reference Assemblies\Microsoft\Framework\.NETFramework\v4.5\Facades\\" /Zi /clr /nologo /W3 /WX- /Od /Oy- /D WIN32 /D _DEBUG /D _UNICODE /D UNICODE /EHa /MDd /GS /fp:precise /Zc:wchar_t /Zc:forScope /Fo"Debug\\" /Fd"Debug\vc120.pdb" /TP /FU"C:\Program Files (x86)\Reference Assemblies\Microsoft\Framework\.NETFramework\v4.5\mscorlib.dll" /FU"C:\Program Files (x86)\Reference Assemblies\Microsoft\Framework\.NETFramework\v4.5\System.Data.dll" /FU"C:\Program Files (x86)\Reference Assemblies\Microsoft\Framework\.NETFramework\v4.5\System.dll" /FU"C:\Program Files (x86)\Reference Assemblies\Microsoft\Framework\.NETFramework\v4.5\System.Drawing.dll" /FU"C:\Program Files (x86)\Reference Assemblies\Microsoft\Framework\.NETFramework\v4.5\System.Windows.Forms.dll" /FU"C:\Program Files (x86)\Reference Assemblies\Microsoft\Framework\.NETFramework\v4.5\System.Xml.dll" /analyze- /errorReport:prompt /clr:nostdlib FiguForm.cpp
         FiguForm.cpp
     1>c:\users\lev\dropbox\study_materials_4\compgraph\8\pyramid\pyramid\FiguForm.h(40): warning C4101: 'e' : unreferenced local variable
     1>FiguForm.cpp(77): warning C4244: 'initializing' : conversion from 'double' to 'int', possible loss of data
     1>FiguForm.cpp(78): warning C4244: 'initializing' : conversion from 'double' to 'int', possible loss of data
     1>FiguForm.cpp(79): warning C4244: 'initializing' : conversion from 'double' to 'int', possible loss of data
     1>FiguForm.cpp(130): warning C4244: 'argument' : conversion from 'double' to 'int', possible loss of data
     1>FiguForm.cpp(406): warning C4101: 'e' : unreferenced local variable
     1>FiguForm.cpp(423): warning C4101: 'e' : unreferenced local variable
       Link:
         C:\Program Files (x86)\Microsoft Visual Studio 12.0\VC\bin\link.exe /ERRORREPORT:PROMPT /OUT:"C:\Users\Lev\Dropbox\Study_Materials_4\compgraph\8\Pyramid\Debug\Figures.exe" /INCREMENTAL /NOLOGO /ASSEMBLYRESOURCE:Debug\Pyramid.FiguForm.resources /MANIFEST /MANIFESTUAC:"level='asInvoker' uiAccess='false'" /manifest:embed /DEBUG /PDB:"C:\Users\Lev\Dropbox\Study_Materials_4\compgraph\8\Pyramid\Debug\Figures.pdb" /ASSEMBLYDEBUG /TLBID:1 /DYNAMICBASE /FIXED:NO /NXCOMPAT /MACHINE:X86 Debug\FiguForm.obj
         Debug\Run.obj
         "Debug\.NETFramework,Version=v4.5.AssemblyAttributes.obj"
         Pyramid.vcxproj -> C:\Users\Lev\Dropbox\Study_Materials_4\compgraph\8\Pyramid\Debug\Figures.exe
     1>Done Building Project "C:\Users\Lev\Dropbox\Study_Materials_4\compgraph\8\Pyramid\Pyramid\Pyramid.vcxproj" (Build target(s)).

Build succeeded.

Time Elapsed 00:00:01.59
