c:\users\lev\dropbox\study_materials_4\compgraph\d3d_1\d3d_1\d3d_1\debug\vc120.pdb
c:\users\lev\dropbox\study_materials_4\compgraph\d3d_1\d3d_1\d3d_1\debug\vc120.idb
c:\users\lev\dropbox\study_materials_4\compgraph\d3d_1\d3d_1\d3d_1\debug\1.obj
c:\users\lev\dropbox\study_materials_4\compgraph\d3d_2\d3d_1\d3d_1\debug\vc120.pdb
c:\users\lev\dropbox\study_materials_4\compgraph\d3d_2\d3d_1\d3d_1\debug\vc120.idb
c:\users\lev\dropbox\study_materials_4\compgraph\d3d_2\d3d_1\d3d_1\debug\rotate.obj
c:\users\lev\dropbox\study_materials_4\compgraph\d3d_2\d3d_1\d3d_1\debug\cubetext.obj
c:\users\lev\dropbox\study_materials_4\compgraph\d3d_2\d3d_1\d3d_1\debug\pyramidtext.obj
c:\users\lev\dropbox\study_materials_4\compgraph\d3d_2\d3d_1\d3d_1\debug\color.obj
c:\users\lev\dropbox\study_materials_4\compgraph\d3d_2\d3d_1\d3d_1\debug\sphere.obj
c:\users\lev\dropbox\study_materials_4\compgraph\d3d_2\d3d_1\d3d_1\debug\osipov.obj
c:\users\lev\dropbox\study_materials_4\compgraph\d3d_3\d3d_1\d3d_1\debug\vc120.pdb
c:\users\lev\dropbox\study_materials_4\compgraph\d3d_3\d3d_1\d3d_1\debug\vc120.idb
c:\users\lev\dropbox\study_materials_4\compgraph\d3d_3\d3d_1\d3d_1\debug\osipov.obj
c:\users\lev\dropbox\study_materials_4\compgraph\d3d_1\d3d_1\debug\d3d_1.ilk
c:\users\lev\dropbox\study_materials_4\compgraph\d3d_1\d3d_1\debug\d3d_1.exe
c:\users\lev\dropbox\study_materials_4\compgraph\d3d_1\d3d_1\debug\d3d_1.pdb
c:\users\lev\dropbox\study_materials_4\compgraph\d3d_2\d3d_1\debug\d3d_1.ilk
c:\users\lev\dropbox\study_materials_4\compgraph\d3d_2\d3d_1\debug\d3d_1.exe
c:\users\lev\dropbox\study_materials_4\compgraph\d3d_2\d3d_1\debug\d3d_1.pdb
c:\users\lev\dropbox\study_materials_4\compgraph\d3d_3\d3d_1\debug\d3d_1.ilk
c:\users\lev\dropbox\study_materials_4\compgraph\d3d_3\d3d_1\debug\d3d_1.exe
c:\users\lev\dropbox\study_materials_4\compgraph\d3d_3\d3d_1\debug\d3d_1.pdb
c:\users\lev\dropbox\study_materials_4\compgraph\d3d_3\d3d_1\d3d_1\debug\1.obj
c:\users\lev\dropbox\study_materials_4\compgraph\d3d_3\d3d_1\d3d_1\debug\color.obj
c:\users\lev\dropbox\study_materials_4\compgraph\d3d_3\d3d_1\d3d_1\debug\cubetext.obj
c:\users\lev\dropbox\study_materials_4\compgraph\d3d_3\d3d_1\d3d_1\debug\pyramidtext.obj
c:\users\lev\dropbox\study_materials_4\compgraph\d3d_3\d3d_1\d3d_1\debug\rotate.obj
c:\users\lev\dropbox\study_materials_4\compgraph\d3d_3\d3d_1\d3d_1\debug\sphere.obj
c:\users\lev\dropbox\study_materials_4\compgraph\d3d_3\d3d_1\d3d_1\debug\d3d_1.tlog\cl.command.1.tlog
c:\users\lev\dropbox\study_materials_4\compgraph\d3d_3\d3d_1\d3d_1\debug\d3d_1.tlog\cl.read.1.tlog
c:\users\lev\dropbox\study_materials_4\compgraph\d3d_3\d3d_1\d3d_1\debug\d3d_1.tlog\cl.write.1.tlog
c:\users\lev\dropbox\study_materials_4\compgraph\d3d_3\d3d_1\d3d_1\debug\d3d_1.tlog\link.command.1.tlog
c:\users\lev\dropbox\study_materials_4\compgraph\d3d_3\d3d_1\d3d_1\debug\d3d_1.tlog\link.read.1.tlog
c:\users\lev\dropbox\study_materials_4\compgraph\d3d_3\d3d_1\d3d_1\debug\d3d_1.tlog\link.write.1.tlog
