Build started 13.10.2015 6:29:41.
     1>Project "C:\Users\Lev\Dropbox\Study_Materials_4\compgraph\3\Splines\Splines\Splines.vcxproj" on node 2 (Build target(s)).
     1>ClCompile:
         C:\Program Files (x86)\Microsoft Visual Studio 12.0\VC\bin\CL.exe /c /AI"C:\Program Files (x86)\Reference Assemblies\Microsoft\Framework\.NETFramework\v4.5\\" /AI"C:\Program Files (x86)\Windows Kits\8.1\References\CommonConfiguration\Neutral" /AI"C:\Program Files (x86)\Reference Assemblies\Microsoft\Framework\.NETFramework\v4.5\Facades\\" /Zi /clr /nologo /W3 /WX- /Od /Oy- /D WIN32 /D _DEBUG /D _UNICODE /D UNICODE /EHa /MDd /GS /fp:precise /Zc:wchar_t /Zc:forScope /Fo"Debug\\" /Fd"Debug\vc120.pdb" /TP /FU"C:\Program Files (x86)\Reference Assemblies\Microsoft\Framework\.NETFramework\v4.5\mscorlib.dll" /FU"C:\Program Files (x86)\Reference Assemblies\Microsoft\Framework\.NETFramework\v4.5\System.Data.dll" /FU"C:\Program Files (x86)\Reference Assemblies\Microsoft\Framework\.NETFramework\v4.5\System.dll" /FU"C:\Program Files (x86)\Reference Assemblies\Microsoft\Framework\.NETFramework\v4.5\System.Drawing.dll" /FU"C:\Program Files (x86)\Reference Assemblies\Microsoft\Framework\.NETFramework\v4.5\System.Windows.Forms.dll" /FU"C:\Program Files (x86)\Reference Assemblies\Microsoft\Framework\.NETFramework\v4.5\System.Xml.dll" /analyze- /errorReport:prompt /clr:nostdlib Run.cpp SplForm.cpp
         Run.cpp
         SplForm.cpp
     1>SplForm.cpp(59): warning C4244: 'argument' : conversion from 'double' to 'int', possible loss of data
     1>SplForm.cpp(83): warning C4244: 'argument' : conversion from 'double' to 'int', possible loss of data
     1>SplForm.cpp(84): warning C4244: 'argument' : conversion from 'double' to 'int', possible loss of data
     1>SplForm.cpp(105): warning C4244: 'argument' : conversion from 'double' to 'int', possible loss of data
     1>SplForm.cpp(116): warning C4244: 'argument' : conversion from 'double' to 'int', possible loss of data
         Generating Code...
       Link:
         C:\Program Files (x86)\Microsoft Visual Studio 12.0\VC\bin\link.exe /ERRORREPORT:PROMPT /OUT:"C:\Users\Lev\Dropbox\Study_Materials_4\compgraph\3\Splines\Debug\Splines.exe" /INCREMENTAL /NOLOGO /ASSEMBLYRESOURCE:Debug\Splines.SplForm.resources /MANIFEST /MANIFESTUAC:"level='asInvoker' uiAccess='false'" /manifest:embed /DEBUG /PDB:"C:\Users\Lev\Dropbox\Study_Materials_4\compgraph\3\Splines\Debug\Splines.pdb" /ASSEMBLYDEBUG /TLBID:1 /DYNAMICBASE /FIXED:NO /NXCOMPAT /MACHINE:X86 Debug\Run.obj
         Debug\SplForm.obj
         "Debug\.NETFramework,Version=v4.5.AssemblyAttributes.obj"
         Splines.vcxproj -> C:\Users\Lev\Dropbox\Study_Materials_4\compgraph\3\Splines\Debug\Splines.exe
     1>Done Building Project "C:\Users\Lev\Dropbox\Study_Materials_4\compgraph\3\Splines\Splines\Splines.vcxproj" (Build target(s)).

Build succeeded.

Time Elapsed 00:00:01.93
